<?xml version="1.0" encoding="UTF-8"?>
<testsuite xmlns:xsi="http://www.w3.org/2001/XMLSchema-instance" xsi:noNamespaceSchemaLocation="https://maven.apache.org/surefire/maven-surefire-plugin/xsd/surefire-test-report.xsd" name="model.ProductTest" time="0.14" tests="14" errors="0" skipped="0" failures="0">
  <properties>
    <property name="java.specification.version" value="17"/>
    <property name="sun.cpu.isalist" value="amd64"/>
    <property name="sun.jnu.encoding" value="Cp1252"/>
    <property name="java.class.path" value="C:\Users\xJessD\OneDrive\Documents\Projects\iotbay\target\test-classes;C:\Users\xJessD\OneDrive\Documents\Projects\iotbay\target\classes;C:\Users\xJessD\.m2\repository\junit\junit\4.11\junit-4.11.jar;C:\Users\xJessD\.m2\repository\org\hamcrest\hamcrest-core\1.3\hamcrest-core-1.3.jar;C:\Users\xJessD\.m2\repository\org\xerial\sqlite-jdbc\3.49.1.0\sqlite-jdbc-3.49.1.0.jar;C:\Users\xJessD\.m2\repository\jakarta\servlet\jakarta.servlet-api\6.1.0\jakarta.servlet-api-6.1.0.jar;"/>
    <property name="java.vm.vendor" value="Oracle Corporation"/>
    <property name="sun.arch.data.model" value="64"/>
    <property name="user.variant" value=""/>
    <property name="java.vendor.url" value="https://java.oracle.com/"/>
    <property name="user.timezone" value="Australia/Sydney"/>
    <property name="os.name" value="Windows 11"/>
    <property name="java.vm.specification.version" value="17"/>
    <property name="sun.java.launcher" value="SUN_STANDARD"/>
    <property name="user.country" value="AU"/>
    <property name="sun.boot.library.path" value="C:\Program Files\Java\jdk-17\bin"/>
    <property name="sun.java.command" value="C:\Users\xJessD\AppData\Local\Temp\surefire17514507203604044750\surefirebooter3134091568320446055.jar C:\Users\xJessD\AppData\Local\Temp\surefire17514507203604044750 2025-05-17T16-15-47_608-jvmRun1 surefire11236059366838358534tmp surefire_012079552883074183510tmp"/>
    <property name="jdk.debug" value="release"/>
    <property name="surefire.test.class.path" value="C:\Users\xJessD\OneDrive\Documents\Projects\iotbay\target\test-classes;C:\Users\xJessD\OneDrive\Documents\Projects\iotbay\target\classes;C:\Users\xJessD\.m2\repository\junit\junit\4.11\junit-4.11.jar;C:\Users\xJessD\.m2\repository\org\hamcrest\hamcrest-core\1.3\hamcrest-core-1.3.jar;C:\Users\xJessD\.m2\repository\org\xerial\sqlite-jdbc\3.49.1.0\sqlite-jdbc-3.49.1.0.jar;C:\Users\xJessD\.m2\repository\jakarta\servlet\jakarta.servlet-api\6.1.0\jakarta.servlet-api-6.1.0.jar;"/>
    <property name="sun.cpu.endian" value="little"/>
    <property name="user.home" value="C:\Users\xJessD"/>
    <property name="user.language" value="en"/>
    <property name="java.specification.vendor" value="Oracle Corporation"/>
    <property name="java.version.date" value="2023-07-18"/>
    <property name="java.home" value="C:\Program Files\Java\jdk-17"/>
    <property name="file.separator" value="\"/>
    <property name="basedir" value="C:\Users\xJessD\OneDrive\Documents\Projects\iotbay"/>
    <property name="java.vm.compressedOopsMode" value="Zero based"/>
    <property name="line.separator" value="&#10;"/>
    <property name="java.vm.specification.vendor" value="Oracle Corporation"/>
    <property name="java.specification.name" value="Java Platform API Specification"/>
    <property name="surefire.real.class.path" value="C:\Users\xJessD\AppData\Local\Temp\surefire17514507203604044750\surefirebooter3134091568320446055.jar"/>
    <property name="user.script" value=""/>
    <property name="sun.management.compiler" value="HotSpot 64-Bit Tiered Compilers"/>
    <property name="java.runtime.version" value="17.0.8+9-LTS-211"/>
    <property name="user.name" value="xJessD"/>
    <property name="path.separator" value=";"/>
    <property name="os.version" value="10.0"/>
    <property name="java.runtime.name" value="Java(TM) SE Runtime Environment"/>
    <property name="file.encoding" value="Cp1252"/>
    <property name="java.vm.name" value="Java HotSpot(TM) 64-Bit Server VM"/>
    <property name="localRepository" value="C:\Users\xJessD\.m2\repository"/>
    <property name="java.vendor.url.bug" value="https://bugreport.java.com/bugreport/"/>
    <property name="java.io.tmpdir" value="C:\Users\xJessD\AppData\Local\Temp\"/>
    <property name="java.version" value="17.0.8"/>
    <property name="user.dir" value="C:\Users\xJessD\OneDrive\Documents\Projects\iotbay"/>
    <property name="os.arch" value="amd64"/>
    <property name="java.vm.specification.name" value="Java Virtual Machine Specification"/>
    <property name="sun.os.patch.level" value=""/>
    <property name="native.encoding" value="Cp1252"/>
    <property name="java.library.path" value="C:\Program Files\Java\jdk-17\bin;C:\WINDOWS\Sun\Java\bin;C:\WINDOWS\system32;C:\WINDOWS;C:\Program Files\Eclipse Adoptium\jdk-21.0.6.7-hotspot\bin;C:\Program Files\Common Files\Oracle\Java\javapath;C:\WINDOWS\system32;C:\WINDOWS;C:\WINDOWS\System32\Wbem;C:\WINDOWS\System32\WindowsPowerShell\v1.0\;C:\WINDOWS\System32\OpenSSH\;C:\ProgramData\chocolatey\bin;C:\Program Files (x86)\Windows Kits\10\Windows Performance Toolkit\;C:\Program Files\Git\cmd;C:\Program Files\apache-maven-3.9.9\bin;C:\Program Files (x86)\PuTTY\;C:\Users\xJessD\AppData\Local\Microsoft\WindowsApps;C:\Users\xJessD\AppData\Local\GitHubDesktop\bin;C:\Users\xJessD\AppData\Local\Programs\Microsoft VS Code\bin;C:\ProgramData\mingw64\mingw64\bin;;."/>
    <property name="java.vm.info" value="mixed mode, sharing"/>
    <property name="java.vendor" value="Oracle Corporation"/>
    <property name="java.vm.version" value="17.0.8+9-LTS-211"/>
    <property name="sun.io.unicode.encoding" value="UnicodeLittle"/>
    <property name="java.class.version" value="61.0"/>
  </properties>
  <testcase name="testGetPrice" classname="model.ProductTest" time="0.005"/>
  <testcase name="testSetFavourited" classname="model.ProductTest" time="0"/>
  <testcase name="testSetDescription" classname="model.ProductTest" time="0"/>
  <testcase name="testIsFavourited" classname="model.ProductTest" time="0"/>
  <testcase name="testGetName" classname="model.ProductTest" time="0"/>
  <testcase name="testGetProductID" classname="model.ProductTest" time="0.001"/>
  <testcase name="testSetQuantity" classname="model.ProductTest" time="0"/>
  <testcase name="testGetQuantity" classname="model.ProductTest" time="0"/>
  <testcase name="testSetImageUrl" classname="model.ProductTest" time="0.001"/>
  <testcase name="testGetImageUrl" classname="model.ProductTest" time="0.001"/>
  <testcase name="testGetDescription" classname="model.ProductTest" time="0"/>
  <testcase name="testSetProductID" classname="model.ProductTest" time="0.001"/>
  <testcase name="testSetName" classname="model.ProductTest" time="0"/>
  <testcase name="testSetPrice" classname="model.ProductTest" time="0"/>
</testsuite>